[15:38:49] [main/INFO]: Setting user: ForgeDevName
[15:38:52] [Client thread/INFO]: LWJGL Version: 2.9.0
[15:39:03] [Client thread/INFO]: Reloading ResourceManager: Default, FMLFileResourcePack:Forge Mod Loader, FMLFileResourcePack:Minecraft Forge, FMLFileResourcePack:Better With Forge
[15:39:04] [Sound Library Loader/INFO]: Sound engine started
[15:39:09] [Client thread/INFO]: Created: 512x256 textures/blocks-atlas
[15:39:09] [Client thread/INFO]: Created: 256x256 textures/items-atlas
[15:39:10] [Client thread/INFO]: Reloading ResourceManager: Default, FMLFileResourcePack:Forge Mod Loader, FMLFileResourcePack:Minecraft Forge, FMLFileResourcePack:Better With Forge
[15:39:10] [Client thread/INFO]: Created: 256x256 textures/items-atlas
[15:39:10] [Client thread/INFO]: Created: 512x256 textures/blocks-atlas
[15:39:11] [Sound Library Loader/INFO]: Sound engine started
[15:39:15] [MCO Availability Checker #1/ERROR]: Couldn't connect to Realms
[15:39:18] [Server thread/INFO]: Starting integrated minecraft server version 1.7.2
[15:39:18] [Server thread/INFO]: Generating keypair
[15:39:22] [Server thread/INFO]: Preparing start region for level 0
[15:39:23] [Server thread/INFO]: Preparing spawn area: 17%
[15:39:26] [Server thread/INFO]: ForgeDevName[local:E:f64c69d2] logged in with entity id 289 at (-391.5, 64.0, 131.5)
[15:39:26] [Server thread/INFO]: ForgeDevName joined the game
[15:39:26] [Server thread/INFO]: Saving and pausing game...
[15:39:27] [Server thread/INFO]: Saving chunks for level 'New World'/Overworld
[15:39:27] [Server thread/INFO]: Saving chunks for level 'New World'/Nether
[15:39:27] [Server thread/INFO]: Saving chunks for level 'New World'/The End
[15:39:36] [Server thread/INFO]: Saving and pausing game...
[15:39:37] [Server thread/INFO]: Saving chunks for level 'New World'/Overworld
[15:39:37] [Server thread/INFO]: Saving chunks for level 'New World'/Nether
[15:39:37] [Server thread/INFO]: Saving chunks for level 'New World'/The End
[15:39:37] [Server thread/INFO]: Stopping server
[15:39:37] [Server thread/INFO]: Saving players
[15:39:37] [Server thread/INFO]: Saving worlds
[15:39:37] [Server thread/INFO]: Saving chunks for level 'New World'/Overworld
[15:39:37] [Server thread/INFO]: Saving chunks for level 'New World'/Nether
[15:39:38] [Server thread/INFO]: Saving chunks for level 'New World'/The End
[15:39:38] [Client thread/INFO]: Stopping!
